<?xml version="1.0" encoding="UTF-8"?>
<!-- Generated by org.testng.reporters.JUnitReportReporter -->
<testsuite hostname="DESKTOP-85K1215" failures="0" tests="2" name="com.qa.rest.tests.put_patch_deleteCalls" time="4.662" errors="0" timestamp="2024-01-01T14:14:18 AEDT" skipped="0">
  <testcase classname="com.qa.rest.tests.put_patch_deleteCalls" name="deleteCall" time="3.668"/>
  <system-out/>
  <testcase classname="com.qa.rest.tests.put_patch_deleteCalls" name="putAPICall" time="0.994"/>
  <system-out/>
</testsuite> <!-- com.qa.rest.tests.put_patch_deleteCalls -->
